<?xml version="1.0" encoding="UTF-8"?>
<testsuite xmlns:xsi="http://www.w3.org/2001/XMLSchema-instance" xsi:noNamespaceSchemaLocation="https://maven.apache.org/surefire/maven-surefire-plugin/xsd/surefire-test-report.xsd" name="dungeon.AppTest" time="0.032" tests="1" errors="0" skipped="0" failures="0">
  <properties>
    <property name="java.specification.version" value="23"/>
    <property name="sun.cpu.isalist" value="amd64"/>
    <property name="sun.jnu.encoding" value="Cp1252"/>
    <property name="java.class.path" value="C:\Users\kyler\Desktop\TG2\quarter_project\dungeon\target\test-classes;C:\Users\kyler\Desktop\TG2\quarter_project\dungeon\target\classes;C:\Users\kyler\.m2\repository\junit\junit\4.11\junit-4.11.jar;C:\Users\kyler\.m2\repository\org\hamcrest\hamcrest-core\1.3\hamcrest-core-1.3.jar;"/>
    <property name="java.vm.vendor" value="Oracle Corporation"/>
    <property name="sun.arch.data.model" value="64"/>
    <property name="user.variant" value=""/>
    <property name="java.vendor.url" value="https://java.oracle.com/"/>
    <property name="user.timezone" value="America/Los_Angeles"/>
    <property name="os.name" value="Windows 10"/>
    <property name="java.vm.specification.version" value="23"/>
    <property name="user.country" value="US"/>
    <property name="sun.java.launcher" value="SUN_STANDARD"/>
    <property name="sun.boot.library.path" value="C:\Users\kyler\Desktop\TG2\platforms\java\Oracle_JDK-23\bin"/>
    <property name="sun.java.command" value="C:\Users\kyler\AppData\Local\Temp\surefire10782117207924009818\surefirebooter8925761879880457173.jar C:\Users\kyler\AppData\Local\Temp\surefire10782117207924009818 2025-02-05T19-41-22_047-jvmRun1 surefire15701595845854188116tmp surefire_04041302471550521949tmp"/>
    <property name="jdk.debug" value="release"/>
    <property name="test" value="dungeon.AppTest#shouldAnswerWithTrue"/>
    <property name="surefire.test.class.path" value="C:\Users\kyler\Desktop\TG2\quarter_project\dungeon\target\test-classes;C:\Users\kyler\Desktop\TG2\quarter_project\dungeon\target\classes;C:\Users\kyler\.m2\repository\junit\junit\4.11\junit-4.11.jar;C:\Users\kyler\.m2\repository\org\hamcrest\hamcrest-core\1.3\hamcrest-core-1.3.jar;"/>
    <property name="sun.cpu.endian" value="little"/>
    <property name="user.home" value="C:\Users\kyler"/>
    <property name="user.language" value="en"/>
    <property name="java.specification.vendor" value="Oracle Corporation"/>
    <property name="java.version.date" value="2024-10-15"/>
    <property name="java.home" value="C:\Users\kyler\Desktop\TG2\platforms\java\Oracle_JDK-23"/>
    <property name="file.separator" value="\"/>
    <property name="basedir" value="C:\Users\kyler\Desktop\TG2\quarter_project\dungeon"/>
    <property name="java.vm.compressedOopsMode" value="Zero based"/>
    <property name="line.separator" value="&#10;"/>
    <property name="java.vm.specification.vendor" value="Oracle Corporation"/>
    <property name="java.specification.name" value="Java Platform API Specification"/>
    <property name="surefire.real.class.path" value="C:\Users\kyler\AppData\Local\Temp\surefire10782117207924009818\surefirebooter8925761879880457173.jar"/>
    <property name="user.script" value=""/>
    <property name="sun.management.compiler" value="HotSpot 64-Bit Tiered Compilers"/>
    <property name="java.runtime.version" value="23.0.1+11-39"/>
    <property name="user.name" value="kyler"/>
    <property name="stdout.encoding" value="Cp1252"/>
    <property name="path.separator" value=";"/>
    <property name="os.version" value="10.0"/>
    <property name="java.runtime.name" value="Java(TM) SE Runtime Environment"/>
    <property name="file.encoding" value="UTF-8"/>
    <property name="java.vm.name" value="Java HotSpot(TM) 64-Bit Server VM"/>
    <property name="maven.ext.class.path" value="C:\Users\kyler\.vscode\extensions\oracle.oracle-java-23.0.1\nbcode\java\maven-nblib\netbeans-eventspy.jar"/>
    <property name="localRepository" value="C:\Users\kyler\.m2\repository"/>
    <property name="java.vendor.url.bug" value="https://bugreport.java.com/bugreport/"/>
    <property name="java.io.tmpdir" value="C:\Users\kyler\AppData\Local\Temp\"/>
    <property name="java.version" value="23.0.1"/>
    <property name="user.dir" value="C:\Users\kyler\Desktop\TG2\quarter_project\dungeon"/>
    <property name="os.arch" value="amd64"/>
    <property name="java.vm.specification.name" value="Java Virtual Machine Specification"/>
    <property name="sun.os.patch.level" value=""/>
    <property name="native.encoding" value="Cp1252"/>
    <property name="java.library.path" value="C:\Users\kyler\Desktop\TG2\platforms\java\Oracle_JDK-23\bin;C:\WINDOWS\Sun\Java\bin;C:\WINDOWS\system32;C:\WINDOWS;C:\Users\kyler\bin;C:\Program Files\Git\mingw64\bin;C:\Program Files\Git\usr\local\bin;C:\Program Files\Git\usr\bin;C:\Program Files\Git\usr\bin;C:\Program Files\Git\mingw64\bin;C:\Program Files\Git\usr\bin;C:\Users\kyler\bin;C:\Program Files\NVIDIA\CUDNN\v9.0\bin;C:\Program Files\NVIDIA GPU Computing Toolkit\CUDA\v12.4\bin;C:\Program Files\NVIDIA GPU Computing Toolkit\CUDA\v12.4\libnvvp;C:\Program Files\Microsoft MPI\Bin;C:\Program Files\NVIDIA GPU Computing Toolkit\CUDA\v12.0\bin;C:\Program Files\NVIDIA GPU Computing Toolkit\CUDA\v12.0\libnvvp;C:\Program Files\Common Files\Oracle\Java\javapath;C:\Program Files (x86)\Common Files\Oracle\Java\javapath;C:\Program Files\Amazon Corretto\jdk1.8.0_242\bin;C:\Program Files (x86)\Amazon Corretto\jdk1.8.0_242\bin;C:\ProgramData\Oracle\Java\javapath;C:\WINDOWS\system32;C:\WINDOWS;C:\WINDOWS\System32\Wbem;C:\WINDOWS\System32\WindowsPowerShell\v1.0;C:\WINDOWS\System32\OpenSSH;C:\Program Files (x86)\NVIDIA Corporation\PhysX\Common;C:\Program Files (x86)\GtkSharp\2.12\bin;C:\Program Files\TortoiseGit\bin;C:\WINDOWS\system32;C:\WINDOWS;C:\WINDOWS\System32\Wbem;C:\WINDOWS\System32\WindowsPowerShell\v1.0;C:\WINDOWS\System32\OpenSSH;C:\Program Files\nodejs;C:\Program Files (x86)\AOMEI\AOMEI Backupper 5.8.0;C:\Program Files\gnuplot\bin;C:\Users\kyler\AppData\Local\Programs\Python;C:\Program Files\gnuplot;C:\Program Files (x86)\Windows Kits\10\Windows Performance Toolkit;C:\Program Files (x86)\Windows Kits\8.1\Windows Performance Toolkit;C:\Program Files\Microsoft SQL Server\130\Tools\Binn;C:\Program Files (x86)\eSpeak NG;C:\Program Files\GitHub CLI;C:\Program Files\dotnet;C:\Program Files\P403n1x87\Austin;C:\Program Files\Git\cmd;C:\Program Files\Docker\Docker\resources\bin;C:\Program Files\Go\bin;C:\msys64\ucrt64\bin;C:\Program Files\CMake\bin;C:\Program Files\NVIDIA Corporation\Nsight Compute 2024.1.1;C:\Program Files\NVIDIA Corporation\NVIDIA NvDLISR;C:\Program Files\Calibre2;C:\Program Files (x86)\G25;C:\Program Files\Zig\zig-windows-x86_64-0.13.0-dev.351+64ef45eb0;C:\Users\kyler\AppData\Local\Programs\Python\Python310\Scripts;C:\Users\kyler\AppData\Local\Programs\Python\Python310;C:\Users\kyler\.cargo\bin;C:\Users\kyler\AppData\Local\Microsoft\WindowsApps;C:\Users\kyler\AppData\Roaming\npm;C:\Users\kyler\AppData\Local\Programs\Microsoft VS Code\bin;C:\Users\kyler\AppData\Local\gitkraken\bin;PHONEMIZER_ESPEAK_PATH=C;C:\Program Files\Git\Program Files (x86)\eSpeak\command_line\espeak.exe;C:\Program Files (x86)\eSpeak\docs\speak_lib.h;C:\ProgramData\chocolatey\choco.exe;C:\ProgramData\chocolatey\bin;C:\msys64\mingw64\bin;C:\Program Files\LLVM\bin;F:\Users\kyler\AppData\Local\zlib123dllx64\dll_x64;C:\Users\kyler\.dotnet\tools;C:\msys64\ucrt64\bin;C:\Program Files\Zig\zig-windows-x86_64-0.13.0-dev.351+64ef45eb0;C:\Users\kyler\go\bin;C:\Program Files\NVIDIA GPU Computing Toolkit\CUDA\v12.4;C:\Users\kyler\.dotnet\tools;C:\Program Files\Git\usr\bin\vendor_perl;C:\Program Files\Git\usr\bin\core_perl;."/>
    <property name="java.vm.info" value="mixed mode, sharing"/>
    <property name="stderr.encoding" value="Cp1252"/>
    <property name="java.vendor" value="Oracle Corporation"/>
    <property name="java.vm.version" value="23.0.1+11-39"/>
    <property name="sun.io.unicode.encoding" value="UnicodeLittle"/>
    <property name="java.class.version" value="67.0"/>
  </properties>
  <testcase name="shouldAnswerWithTrue" classname="dungeon.AppTest" time="0.003"/>
</testsuite>